<?xml version="1.0" encoding="UTF-8"?>
<!-- Generated by org.testng.reporters.JUnitReportReporter -->
<testsuite hostname="Isha-PC" failures="0" tests="1" name="com.cloudthing.technical.coderound.TestCases.CloudThing" time="12.409" errors="0" timestamp="13 Jun 2020 10:31:40 GMT" skipped="0">
  <testcase classname="com.cloudthing.technical.coderound.TestCases.CloudThing" name="submitResume" time="12.409"/>
</testsuite> <!-- com.cloudthing.technical.coderound.TestCases.CloudThing -->
